<?xml version="1.0" encoding="UTF-8"?>
<!-- Generated by org.testng.reporters.JUnitReportReporter -->
<testsuite hostname="DESKTOP-OJKIDG6" failures="0" tests="14" name="com.qa.opencart.pages.test.AccountpageTest" time="33.271" errors="0" timestamp="16 Oct 2024 07:36:20 GMT" skipped="0">
  <testcase classname="com.qa.opencart.pages.test.AccountpageTest" name="searProducthCountTest" time="2.269"/>
  <testcase classname="com.qa.opencart.pages.test.AccountpageTest" name="searchProductTest" time="4.184"/>
  <testcase classname="com.qa.opencart.pages.test.AccountpageTest" name="accPageURLTest" time="0.012"/>
  <testcase classname="com.qa.opencart.pages.test.AccountpageTest" name="searProducthCountTest" time="2.142"/>
  <testcase classname="com.qa.opencart.pages.test.AccountpageTest" name="isLogoutLinkExistTest" time="0.677"/>
  <testcase classname="com.qa.opencart.pages.test.AccountpageTest" name="searProducthCountTest" time="2.524"/>
  <testcase classname="com.qa.opencart.pages.test.AccountpageTest" name="accPageHeadersCountTest" time="0.335"/>
  <testcase classname="com.qa.opencart.pages.test.AccountpageTest" name="searchProductTest" time="5.026"/>
  <testcase classname="com.qa.opencart.pages.test.AccountpageTest" name="searchProductTest" time="4.164"/>
  <testcase classname="com.qa.opencart.pages.test.AccountpageTest" name="accPageTitleTest" time="0.015"/>
  <testcase classname="com.qa.opencart.pages.test.AccountpageTest" name="searchProductTest" time="3.975"/>
  <testcase classname="com.qa.opencart.pages.test.AccountpageTest" name="searProducthCountTest" time="2.159"/>
  <testcase classname="com.qa.opencart.pages.test.AccountpageTest" name="accPageHeadersValueTest" time="0.154"/>
  <testcase classname="com.qa.opencart.pages.test.AccountpageTest" name="searchProductTest" time="5.635"/>
</testsuite> <!-- com.qa.opencart.pages.test.AccountpageTest -->
