<?xml version="1.0" encoding="UTF-8"?>
<!-- Generated by org.testng.reporters.JUnitReportReporter -->
<testsuite hostname="DESKTOP-OJKIDG6" failures="0" tests="3" name="com.qa.opencart.pages.test.RegisterPageTest" time="37.989" errors="0" timestamp="2024-10-15T18:06:24 IST" skipped="0">
  <testcase classname="com.qa.opencart.pages.test.RegisterPageTest" name="userRegTest" time="11.243"/>
  <testcase classname="com.qa.opencart.pages.test.RegisterPageTest" name="userRegTest" time="11.442"/>
  <testcase classname="com.qa.opencart.pages.test.RegisterPageTest" name="userRegTest" time="15.304"/>
</testsuite> <!-- com.qa.opencart.pages.test.RegisterPageTest -->
