<?xml version="1.0" encoding="UTF-8"?>
<!-- Generated by org.testng.reporters.JUnitReportReporter -->
<testsuite hostname="DESKTOP-OJKIDG6" failures="0" tests="6" name="com.qa.opencart.pages.test.ProductInfoPageTest" time="20.361" errors="0" timestamp="28 Oct 2024 01:03:59 GMT" skipped="0">
  <testcase classname="com.qa.opencart.pages.test.ProductInfoPageTest" name="addToCartTest" time="5.119"/>
  <testcase classname="com.qa.opencart.pages.test.ProductInfoPageTest" name="productImagesCountTest" time="2.699"/>
  <testcase classname="com.qa.opencart.pages.test.ProductInfoPageTest" name="productImagesCountTest" time="2.853"/>
  <testcase classname="com.qa.opencart.pages.test.ProductInfoPageTest" name="productImagesCountTest" time="3.038"/>
  <testcase classname="com.qa.opencart.pages.test.ProductInfoPageTest" name="productInfoTest" time="3.634"/>
  <testcase classname="com.qa.opencart.pages.test.ProductInfoPageTest" name="productImagesCountTest" time="3.018"/>
</testsuite> <!-- com.qa.opencart.pages.test.ProductInfoPageTest -->
